Using pre-set license
Built from '2020.3/staging' branch; Version is '2020.3.11f1 (99c7afb366b3) revision 10078127'; Using compiler version '192528614'; Build Type 'Release'
OS: 'Windows 10 Enterprise; OS build 19041.1288; Version 2004; 64bit' Language: 'en' Physical Memory: 11206 MB
BatchMode: 1, IsHumanControllingUs: 0, StartBugReporterOnCrash: 0, Is64bit: 1, IsPro: 0

 COMMAND LINE ARGUMENTS:
C:\Program Files\Unity\Hub\Editor\2020.3.11f1\Editor\Unity.exe
-adb2
-batchMode
-noUpm
-name
AssetImportWorker0
-projectPath
C:/Users/v1213/source/repos/TestWork.Mytona
-logFile
Logs/AssetImportWorker0.log
-srvPort
63761
Successfully changed project path to: C:/Users/v1213/source/repos/TestWork.Mytona
C:/Users/v1213/source/repos/TestWork.Mytona
Using Asset Import Pipeline V2.
Refreshing native plugins compatible for Editor in 37.87 ms, found 2 plugins.
Preloading 0 native plugins for Editor in 0.00 ms.
Initialize engine version: 2020.3.11f1 (99c7afb366b3)
[Subsystems] Discovering subsystems at path C:/Program Files/Unity/Hub/Editor/2020.3.11f1/Editor/Data/Resources/UnitySubsystems
[Subsystems] Discovering subsystems at path C:/Users/v1213/source/repos/TestWork.Mytona/Assets
GfxDevice: creating device client; threaded=0
Direct3D:
    Version:  Direct3D 11.0 [level 11.0]
    Renderer: NVIDIA GeForce GTX 760 (ID=0x1187)
    Vendor:   
    VRAM:     2007 MB
    Driver:   27.21.14.6611
Initialize mono
Mono path[0] = 'C:/Program Files/Unity/Hub/Editor/2020.3.11f1/Editor/Data/Managed'
Mono path[1] = 'C:/Program Files/Unity/Hub/Editor/2020.3.11f1/Editor/Data/MonoBleedingEdge/lib/mono/unityjit'
Mono config path = 'C:/Program Files/Unity/Hub/Editor/2020.3.11f1/Editor/Data/MonoBleedingEdge/etc'
Using monoOptions --debugger-agent=transport=dt_socket,embedding=1,server=y,suspend=n,address=127.0.0.1:56660
Begin MonoManager ReloadAssembly
Registering precompiled unity dll's ...
Register platform support module: C:/Program Files/Unity/Hub/Editor/2020.3.11f1/Editor/Data/PlaybackEngines/WebGLSupport/UnityEditor.WebGL.Extensions.dll
Register platform support module: C:/Program Files/Unity/Hub/Editor/2020.3.11f1/Editor/Data/PlaybackEngines/WindowsStandaloneSupport/UnityEditor.WindowsStandalone.Extensions.dll
Registered in 0.002873 seconds.
Native extension for WindowsStandalone target not found
Native extension for WebGL target not found
Refreshing native plugins compatible for Editor in 110.55 ms, found 2 plugins.
Preloading 0 native plugins for Editor in 0.00 ms.
Mono: successfully reloaded assembly
- Completed reload, in  3.679 seconds
Platform modules already initialized, skipping
Registering precompiled user dll's ...
Registered in 0.006524 seconds.
Begin MonoManager ReloadAssembly
Native extension for WindowsStandalone target not found
Native extension for WebGL target not found
Refreshing native plugins compatible for Editor in 0.38 ms, found 2 plugins.
Preloading 0 native plugins for Editor in 0.00 ms.
Mono: successfully reloaded assembly
- Completed reload, in  2.166 seconds
Platform modules already initialized, skipping
========================================================================
Worker process is ready to serve import requests
Launched and connected shader compiler UnityShaderCompiler.exe after 0.09 seconds
Refreshing native plugins compatible for Editor in 0.35 ms, found 2 plugins.
Preloading 0 native plugins for Editor in 0.00 ms.
Unloading 1417 Unused Serialized files (Serialized files now loaded: 0)
System memory in use before: 80.1 MB.
System memory in use after: 80.1 MB.

Unloading 19 unused Assets to reduce memory usage. Loaded Objects now: 1868.
Total: 2.568700 ms (FindLiveObjects: 0.262000 ms CreateObjectMapping: 0.187700 ms MarkObjects: 1.991900 ms  DeleteObjects: 0.125900 ms)

========================================================================
Received Import Request.
  path: Assets/Scripts/CameraController.cs
  artifactKey: Guid(780eead91f7d81b418bd5403f109a1f8) Importer(815301076,1909f56bfc062723c751e8b465ee728b)
Start importing Assets/Scripts/CameraController.cs using Guid(780eead91f7d81b418bd5403f109a1f8) Importer(815301076,1909f56bfc062723c751e8b465ee728b)  -> (artifact id: 'cf8e29819bf7e04dcd8ab058e053aa42') in 0.050679 seconds
  Import took 0.054772 seconds .

========================================================================
Received Prepare
Refreshing native plugins compatible for Editor in 4.06 ms, found 2 plugins.
Preloading 0 native plugins for Editor in 0.00 ms.
Unloading 12 Unused Serialized files (Serialized files now loaded: 0)
System memory in use before: 51.1 MB.
System memory in use after: 51.2 MB.

Unloading 12 unused Assets to reduce memory usage. Loaded Objects now: 1868.
Total: 2.370800 ms (FindLiveObjects: 0.199100 ms CreateObjectMapping: 0.104300 ms MarkObjects: 1.985100 ms  DeleteObjects: 0.081000 ms)

========================================================================
Received Prepare
Registering precompiled user dll's ...
Registered in 0.132520 seconds.
Begin MonoManager ReloadAssembly
Native extension for WindowsStandalone target not found
Native extension for WebGL target not found
Refreshing native plugins compatible for Editor in 0.37 ms, found 2 plugins.
Preloading 0 native plugins for Editor in 0.00 ms.
Mono: successfully reloaded assembly
- Completed reload, in  1.346 seconds
Platform modules already initialized, skipping
Refreshing native plugins compatible for Editor in 0.38 ms, found 2 plugins.
Preloading 0 native plugins for Editor in 0.00 ms.
Unloading 1399 Unused Serialized files (Serialized files now loaded: 0)
System memory in use before: 78.8 MB.
System memory in use after: 78.8 MB.

Unloading 14 unused Assets to reduce memory usage. Loaded Objects now: 1871.
Total: 2.074100 ms (FindLiveObjects: 0.148700 ms CreateObjectMapping: 0.049100 ms MarkObjects: 1.770600 ms  DeleteObjects: 0.104300 ms)

========================================================================
Received Import Request.
  Time since last request: 10407.433623 seconds.
  path: Assets/Materials/DeatParticle.mat
  artifactKey: Guid(8b43b22989df94c498df85800e7e5f43) Importer(815301076,1909f56bfc062723c751e8b465ee728b)
Start importing Assets/Materials/DeatParticle.mat using Guid(8b43b22989df94c498df85800e7e5f43) Importer(815301076,1909f56bfc062723c751e8b465ee728b)  -> (artifact id: '83f2401f5ab51adfbd70a3dc433fa44d') in 0.168791 seconds
  Import took 0.172887 seconds .

========================================================================
Received Import Request.
  Time since last request: 308.581674 seconds.
  path: Assets/Materials/DeatParticle.mat
  artifactKey: Guid(8b43b22989df94c498df85800e7e5f43) Importer(815301076,1909f56bfc062723c751e8b465ee728b)
Start importing Assets/Materials/DeatParticle.mat using Guid(8b43b22989df94c498df85800e7e5f43) Importer(815301076,1909f56bfc062723c751e8b465ee728b)  -> (artifact id: 'e030ad0cd65a18de891c953c9d5006d9') in 0.028623 seconds
  Import took 0.034646 seconds .

========================================================================
Received Import Request.
  Time since last request: 124.369723 seconds.
  path: Assets/Standard Assets
  artifactKey: Guid(c6195a43a0187a34e9c6be23520d3766) Importer(815301076,1909f56bfc062723c751e8b465ee728b)
Start importing Assets/Standard Assets using Guid(c6195a43a0187a34e9c6be23520d3766) Importer(815301076,1909f56bfc062723c751e8b465ee728b)  -> (artifact id: '3dde5de66680e5b3784f3a17ea7ab6c4') in 0.014505 seconds
  Import took 0.019584 seconds .

========================================================================
Received Import Request.
  Time since last request: 0.970072 seconds.
  path: Assets/Standard Assets/ParticleSystems
  artifactKey: Guid(d7ea5a218770df14895b81e3602e420f) Importer(815301076,1909f56bfc062723c751e8b465ee728b)
Start importing Assets/Standard Assets/ParticleSystems using Guid(d7ea5a218770df14895b81e3602e420f) Importer(815301076,1909f56bfc062723c751e8b465ee728b)  -> (artifact id: '69793abc295eb88ecd475d7fa8177fb4') in 0.012719 seconds
  Import took 0.019126 seconds .

========================================================================
Received Import Request.
  Time since last request: 1.094421 seconds.
  path: Assets/Standard Assets/ParticleSystems/Prefabs
  artifactKey: Guid(15135e86e52ab4b038dcbd61d7549e9f) Importer(815301076,1909f56bfc062723c751e8b465ee728b)
Start importing Assets/Standard Assets/ParticleSystems/Prefabs using Guid(15135e86e52ab4b038dcbd61d7549e9f) Importer(815301076,1909f56bfc062723c751e8b465ee728b)  -> (artifact id: '53850abcdcb0464778598d1ddf32d427') in 0.016000 seconds
  Import took 0.019856 seconds .

========================================================================
Received Import Request.
  Time since last request: 0.049246 seconds.
  path: Assets/Standard Assets/ParticleSystems/Prefabs/Explosion.prefab
  artifactKey: Guid(031d08f52af1daa4f929b85221519426) Importer(815301076,1909f56bfc062723c751e8b465ee728b)
Start importing Assets/Standard Assets/ParticleSystems/Prefabs/Explosion.prefab using Guid(031d08f52af1daa4f929b85221519426) Importer(815301076,1909f56bfc062723c751e8b465ee728b)  -> (artifact id: 'f51a230dc5f8a06225d5d2778cfc75c4') in 0.032596 seconds
  Import took 0.037497 seconds .

========================================================================
Received Import Request.
  Time since last request: 6.887262 seconds.
  path: Assets/Standard Assets/ParticleSystems/Materials
  artifactKey: Guid(628c4c973f12f4ae5b8e6c50610f891a) Importer(815301076,1909f56bfc062723c751e8b465ee728b)
Start importing Assets/Standard Assets/ParticleSystems/Materials using Guid(628c4c973f12f4ae5b8e6c50610f891a) Importer(815301076,1909f56bfc062723c751e8b465ee728b)  -> (artifact id: 'ffce4b445d56dcbb66926df578207f25') in 0.013744 seconds
  Import took 0.017735 seconds .

========================================================================
Received Import Request.
  Time since last request: 0.057434 seconds.
  path: Assets/Standard Assets/ParticleSystems/Materials/ParticleAfterburner.mat
  artifactKey: Guid(89ff19d667a6a5d4bb76df1fcb718402) Importer(815301076,1909f56bfc062723c751e8b465ee728b)
Start importing Assets/Standard Assets/ParticleSystems/Materials/ParticleAfterburner.mat using Guid(89ff19d667a6a5d4bb76df1fcb718402) Importer(815301076,1909f56bfc062723c751e8b465ee728b)  -> (artifact id: '9243e1e57862acf02a883ecd90e8fafb') in 0.055596 seconds
  Import took 0.059311 seconds .

========================================================================
Received Import Request.
  Time since last request: 0.000240 seconds.
  path: Assets/Standard Assets/ParticleSystems/Materials/ParticleSmokeMobile.mat
  artifactKey: Guid(473d6d3ec0d161b4a85e466c8c6da3fb) Importer(815301076,1909f56bfc062723c751e8b465ee728b)
Start importing Assets/Standard Assets/ParticleSystems/Materials/ParticleSmokeMobile.mat using Guid(473d6d3ec0d161b4a85e466c8c6da3fb) Importer(815301076,1909f56bfc062723c751e8b465ee728b)  -> (artifact id: 'df27ddfdb102a55a90f34fb0496ff901') in 0.045220 seconds
  Import took 0.048338 seconds .

========================================================================
Received Import Request.
  Time since last request: 0.000242 seconds.
  path: Assets/Standard Assets/ParticleSystems/Materials/ParticleSmokeBlack.mat
  artifactKey: Guid(fc626cffedc907848a7b47b87aa5e34f) Importer(815301076,1909f56bfc062723c751e8b465ee728b)
Start importing Assets/Standard Assets/ParticleSystems/Materials/ParticleSmokeBlack.mat using Guid(fc626cffedc907848a7b47b87aa5e34f) Importer(815301076,1909f56bfc062723c751e8b465ee728b)  -> (artifact id: '2a6eb3f2c4c71df702e0c44868efbef1') in 0.053823 seconds
  Import took 0.056883 seconds .

========================================================================
Received Import Request.
  Time since last request: 0.000185 seconds.
  path: Assets/Standard Assets/ParticleSystems/Materials/ParticleFlames.mat
  artifactKey: Guid(3bfa2f095c911d649bf4cb92a55ac974) Importer(815301076,1909f56bfc062723c751e8b465ee728b)
Start importing Assets/Standard Assets/ParticleSystems/Materials/ParticleFlames.mat using Guid(3bfa2f095c911d649bf4cb92a55ac974) Importer(815301076,1909f56bfc062723c751e8b465ee728b)  -> (artifact id: 'f4421e56e5c29f1c99ec5ab78e15f67c') in 0.015846 seconds
  Import took 0.019611 seconds .

========================================================================
Received Import Request.
  Time since last request: 0.000107 seconds.
  path: Assets/Standard Assets/ParticleSystems/Materials/ParticleSteam.mat
  artifactKey: Guid(60d4adad90a8b164abbb7d8ff5b4118a) Importer(815301076,1909f56bfc062723c751e8b465ee728b)
Start importing Assets/Standard Assets/ParticleSystems/Materials/ParticleSteam.mat using Guid(60d4adad90a8b164abbb7d8ff5b4118a) Importer(815301076,1909f56bfc062723c751e8b465ee728b)  -> (artifact id: '4c8932bf70849ab775b1bc05e30da59d') in 0.049309 seconds
  Import took 0.052418 seconds .

========================================================================
Received Import Request.
  Time since last request: 0.000179 seconds.
  path: Assets/Standard Assets/ParticleSystems/Materials/ParticleDuststorm.mat
  artifactKey: Guid(7911795df27dd464190eed77dda90191) Importer(815301076,1909f56bfc062723c751e8b465ee728b)
Start importing Assets/Standard Assets/ParticleSystems/Materials/ParticleDuststorm.mat using Guid(7911795df27dd464190eed77dda90191) Importer(815301076,1909f56bfc062723c751e8b465ee728b)  -> (artifact id: '865e6c3f24a3896637c0d927df23c29a') in 0.016306 seconds
  Import took 0.019184 seconds .

========================================================================
Received Import Request.
  Time since last request: 0.000184 seconds.
  path: Assets/Standard Assets/ParticleSystems/Materials/ParticleFirecloud.mat
  artifactKey: Guid(77d08210df254d845885518314593544) Importer(815301076,1909f56bfc062723c751e8b465ee728b)
Start importing Assets/Standard Assets/ParticleSystems/Materials/ParticleFirecloud.mat using Guid(77d08210df254d845885518314593544) Importer(815301076,1909f56bfc062723c751e8b465ee728b)  -> (artifact id: 'b8fad6377ca0f2a3abc3da83230e8601') in 0.013100 seconds
  Import took 0.015725 seconds .

========================================================================
Received Import Request.
  Time since last request: 0.000182 seconds.
  path: Assets/Standard Assets/ParticleSystems/Materials/ParticleWaterSpray.mat
  artifactKey: Guid(09a99b10658931c46a438c586a49ec65) Importer(815301076,1909f56bfc062723c751e8b465ee728b)
Start importing Assets/Standard Assets/ParticleSystems/Materials/ParticleWaterSpray.mat using Guid(09a99b10658931c46a438c586a49ec65) Importer(815301076,1909f56bfc062723c751e8b465ee728b)  -> (artifact id: 'e1dab892ddc952f6a18b000ae9da90ac') in 0.012892 seconds
  Import took 0.015672 seconds .

========================================================================
Received Import Request.
  Time since last request: 0.000184 seconds.
  path: Assets/Standard Assets/ParticleSystems/Materials/ParticleSteamMobile.mat
  artifactKey: Guid(ed1b89d39279f564ea077ad8e46f3595) Importer(815301076,1909f56bfc062723c751e8b465ee728b)
Start importing Assets/Standard Assets/ParticleSystems/Materials/ParticleSteamMobile.mat using Guid(ed1b89d39279f564ea077ad8e46f3595) Importer(815301076,1909f56bfc062723c751e8b465ee728b)  -> (artifact id: 'dc92e9ecb50cb3d37e259baf9a08b5c4') in 0.014429 seconds
  Import took 0.017374 seconds .

========================================================================
Received Import Request.
  Time since last request: 0.000185 seconds.
  path: Assets/Standard Assets/ParticleSystems/Materials/ParticleFlameLicks.mat
  artifactKey: Guid(30289309b0c21224ea5b6fcc73b07d59) Importer(815301076,1909f56bfc062723c751e8b465ee728b)
Start importing Assets/Standard Assets/ParticleSystems/Materials/ParticleFlameLicks.mat using Guid(30289309b0c21224ea5b6fcc73b07d59) Importer(815301076,1909f56bfc062723c751e8b465ee728b)  -> (artifact id: '58f368c956b897c5c3304fa9fa692c68') in 0.012755 seconds
  Import took 0.015693 seconds .

========================================================================
Received Import Request.
  Time since last request: 0.000226 seconds.
  path: Assets/Standard Assets/ParticleSystems/Materials/ParticleSmokeWhite.mat
  artifactKey: Guid(c50d77affeb31e14c9c062c282f13fc8) Importer(815301076,1909f56bfc062723c751e8b465ee728b)
Start importing Assets/Standard Assets/ParticleSystems/Materials/ParticleSmokeWhite.mat using Guid(c50d77affeb31e14c9c062c282f13fc8) Importer(815301076,1909f56bfc062723c751e8b465ee728b)  -> (artifact id: 'c7f1eb6f5f3911fca3edff9c0cd59a33') in 0.014329 seconds
  Import took 0.017377 seconds .

========================================================================
Received Import Request.
  Time since last request: 0.000196 seconds.
  path: Assets/Standard Assets/ParticleSystems/Materials/ParticleFirework.mat
  artifactKey: Guid(9f3080141f1f64197825663e067f94f8) Importer(815301076,1909f56bfc062723c751e8b465ee728b)
Start importing Assets/Standard Assets/ParticleSystems/Materials/ParticleFirework.mat using Guid(9f3080141f1f64197825663e067f94f8) Importer(815301076,1909f56bfc062723c751e8b465ee728b)  -> (artifact id: 'c560f16144c405481accd8a4e599eda6') in 0.019191 seconds
  Import took 0.022606 seconds .

========================================================================
Received Import Request.
  Time since last request: 0.000214 seconds.
  path: Assets/Standard Assets/ParticleSystems/Materials/ParticleSmokeVertlit.mat
  artifactKey: Guid(225843b6084e75440a6ea970a17c93aa) Importer(815301076,1909f56bfc062723c751e8b465ee728b)
Start importing Assets/Standard Assets/ParticleSystems/Materials/ParticleSmokeVertlit.mat using Guid(225843b6084e75440a6ea970a17c93aa) Importer(815301076,1909f56bfc062723c751e8b465ee728b)  -> (artifact id: 'b4041fc59e3ddc55b186add7eb09e116') in 0.060944 seconds
  Import took 0.063744 seconds .

========================================================================
Received Import Request.
  Time since last request: 0.000190 seconds.
  path: Assets/Standard Assets/ParticleSystems/Materials/ParticleFireball.mat
  artifactKey: Guid(26ea534dcd83fe14c9173a52e151cce8) Importer(815301076,1909f56bfc062723c751e8b465ee728b)
Start importing Assets/Standard Assets/ParticleSystems/Materials/ParticleFireball.mat using Guid(26ea534dcd83fe14c9173a52e151cce8) Importer(815301076,1909f56bfc062723c751e8b465ee728b)  -> (artifact id: 'b0508e6c92d172092fe45c020376a6f0') in 0.013069 seconds
  Import took 0.015588 seconds .

========================================================================
Received Import Request.
  Time since last request: 0.000187 seconds.
  path: Assets/Standard Assets/ParticleSystems/Materials/ParticleSpray.mat
  artifactKey: Guid(3062613153ea47f42a262f065fec69d1) Importer(815301076,1909f56bfc062723c751e8b465ee728b)
Start importing Assets/Standard Assets/ParticleSystems/Materials/ParticleSpray.mat using Guid(3062613153ea47f42a262f065fec69d1) Importer(815301076,1909f56bfc062723c751e8b465ee728b)  -> (artifact id: 'd0609d4befe5b1e313cf38eac2de4585') in 0.013338 seconds
  Import took 0.015958 seconds .

========================================================================
Received Import Request.
  Time since last request: 0.000179 seconds.
  path: Assets/Standard Assets/ParticleSystems/Materials/ParticleGlow.mat
  artifactKey: Guid(c10b1630d5621ec48a17223c3c102023) Importer(815301076,1909f56bfc062723c751e8b465ee728b)
Start importing Assets/Standard Assets/ParticleSystems/Materials/ParticleGlow.mat using Guid(c10b1630d5621ec48a17223c3c102023) Importer(815301076,1909f56bfc062723c751e8b465ee728b)  -> (artifact id: '1ab38d3d019b9e6d721555678c6a38ce') in 0.013997 seconds
  Import took 0.016548 seconds .

========================================================================
Received Import Request.
  Time since last request: 0.000175 seconds.
  path: Assets/Standard Assets/ParticleSystems/Materials/ParticleSpark.mat
  artifactKey: Guid(f63c576739a709747a1a571260d4fabd) Importer(815301076,1909f56bfc062723c751e8b465ee728b)
Start importing Assets/Standard Assets/ParticleSystems/Materials/ParticleSpark.mat using Guid(f63c576739a709747a1a571260d4fabd) Importer(815301076,1909f56bfc062723c751e8b465ee728b)  -> (artifact id: '7089740f434591d7660c2ee521b9d394') in 0.012453 seconds
  Import took 0.014909 seconds .

========================================================================
Received Import Request.
  Time since last request: 0.000179 seconds.
  path: Assets/Standard Assets/ParticleSystems/Materials/ParticleSplashes.mat
  artifactKey: Guid(ff6663d927968dc4482d24a8495316de) Importer(815301076,1909f56bfc062723c751e8b465ee728b)
Start importing Assets/Standard Assets/ParticleSystems/Materials/ParticleSplashes.mat using Guid(ff6663d927968dc4482d24a8495316de) Importer(815301076,1909f56bfc062723c751e8b465ee728b)  -> (artifact id: '9f9f31303f6cab22d8e20855d1665348') in 0.014532 seconds
  Import took 0.017313 seconds .

========================================================================
Received Prepare
Registering precompiled user dll's ...
Registered in 0.004117 seconds.
Begin MonoManager ReloadAssembly
Native extension for WindowsStandalone target not found
Native extension for WebGL target not found
Refreshing native plugins compatible for Editor in 0.55 ms, found 2 plugins.
Preloading 0 native plugins for Editor in 0.00 ms.
Mono: successfully reloaded assembly
- Completed reload, in  1.195 seconds
Platform modules already initialized, skipping
Refreshing native plugins compatible for Editor in 0.36 ms, found 2 plugins.
Preloading 0 native plugins for Editor in 0.00 ms.
Unloading 1399 Unused Serialized files (Serialized files now loaded: 0)
System memory in use before: 82.4 MB.
System memory in use after: 82.4 MB.

Unloading 15 unused Assets to reduce memory usage. Loaded Objects now: 1920.
Total: 2.352000 ms (FindLiveObjects: 0.173600 ms CreateObjectMapping: 0.087900 ms MarkObjects: 1.898300 ms  DeleteObjects: 0.191200 ms)

========================================================================
Received Import Request.
  Time since last request: 359.904424 seconds.
  path: Assets/Prefabs/EnemyWarrior.prefab
  artifactKey: Guid(1bd9d6c1531b91446a5615227e10d553) Importer(815301076,1909f56bfc062723c751e8b465ee728b)
Start importing Assets/Prefabs/EnemyWarrior.prefab using Guid(1bd9d6c1531b91446a5615227e10d553) Importer(815301076,1909f56bfc062723c751e8b465ee728b)  -> (artifact id: 'ee68923a5a20eaf55a44abeaa78306e4') in 0.079801 seconds
  Import took 0.083583 seconds .

========================================================================
Received Import Request.
  Time since last request: 0.000228 seconds.
  path: Assets/Prefabs/PlayerWarrior.prefab
  artifactKey: Guid(f0e4796cd0d204741964107bba4dcec6) Importer(815301076,1909f56bfc062723c751e8b465ee728b)
Start importing Assets/Prefabs/PlayerWarrior.prefab using Guid(f0e4796cd0d204741964107bba4dcec6) Importer(815301076,1909f56bfc062723c751e8b465ee728b)  -> (artifact id: 'bd5e4dff34be5ff771568278e1176ecd') in 0.020077 seconds
  Import took 0.022740 seconds .

========================================================================
Received Import Request.
  Time since last request: 0.000221 seconds.
  path: Assets/Prefabs/PlayerBase.prefab
  artifactKey: Guid(841673f28f71db941a00812b52272437) Importer(815301076,1909f56bfc062723c751e8b465ee728b)
Start importing Assets/Prefabs/PlayerBase.prefab using Guid(841673f28f71db941a00812b52272437) Importer(815301076,1909f56bfc062723c751e8b465ee728b)  -> (artifact id: 'cc1d4f0393d8d33f918f3ee2a621c99d') in 0.024247 seconds
  Import took 0.027427 seconds .

========================================================================
Received Import Request.
  Time since last request: 24.177757 seconds.
  path: Assets/Prefabs/DeathParticle.prefab
  artifactKey: Guid(640501bb4df128f4bb789c76ae640e7c) Importer(815301076,1909f56bfc062723c751e8b465ee728b)
Start importing Assets/Prefabs/DeathParticle.prefab using Guid(640501bb4df128f4bb789c76ae640e7c) Importer(815301076,1909f56bfc062723c751e8b465ee728b)  -> (artifact id: 'd3a77f36d229ff4fa3c3d4ed3a37420d') in 0.014405 seconds
  Import took 0.017559 seconds .

========================================================================
Received Import Request.
  Time since last request: 0.003352 seconds.
  path: Assets/Prefabs/DeathParticle.prefab
  artifactKey: Guid(640501bb4df128f4bb789c76ae640e7c) Importer(815301076,1909f56bfc062723c751e8b465ee728b)
Start importing Assets/Prefabs/DeathParticle.prefab using Guid(640501bb4df128f4bb789c76ae640e7c) Importer(815301076,1909f56bfc062723c751e8b465ee728b)  -> (artifact id: 'd3a77f36d229ff4fa3c3d4ed3a37420d') in 0.006499 seconds
  Import took 0.010154 seconds .

========================================================================
Received Import Request.
  Time since last request: 4.286896 seconds.
  path: Assets/Prefabs/EnemyWarrior.prefab
  artifactKey: Guid(1bd9d6c1531b91446a5615227e10d553) Importer(815301076,1909f56bfc062723c751e8b465ee728b)
Start importing Assets/Prefabs/EnemyWarrior.prefab using Guid(1bd9d6c1531b91446a5615227e10d553) Importer(815301076,1909f56bfc062723c751e8b465ee728b)  -> (artifact id: '349376335b204a10123a2b2e436a162e') in 0.016404 seconds
  Import took 0.020202 seconds .

========================================================================
Received Import Request.
  Time since last request: 8.446103 seconds.
  path: Assets/Prefabs/PlayerWarrior.prefab
  artifactKey: Guid(f0e4796cd0d204741964107bba4dcec6) Importer(815301076,1909f56bfc062723c751e8b465ee728b)
Start importing Assets/Prefabs/PlayerWarrior.prefab using Guid(f0e4796cd0d204741964107bba4dcec6) Importer(815301076,1909f56bfc062723c751e8b465ee728b)  -> (artifact id: '876697a18b4de3c200ea99d1ac8aba81') in 0.014662 seconds
  Import took 0.018173 seconds .

========================================================================
Received Import Request.
  Time since last request: 1.324138 seconds.
  path: Assets/Prefabs/PlayerBase.prefab
  artifactKey: Guid(841673f28f71db941a00812b52272437) Importer(815301076,1909f56bfc062723c751e8b465ee728b)
Start importing Assets/Prefabs/PlayerBase.prefab using Guid(841673f28f71db941a00812b52272437) Importer(815301076,1909f56bfc062723c751e8b465ee728b)  -> (artifact id: 'bc1600f4262cf9c309a537f748a00c02') in 0.013762 seconds
  Import took 0.017334 seconds .

========================================================================
Received Prepare
Registering precompiled user dll's ...
Registered in 0.004415 seconds.
Begin MonoManager ReloadAssembly
Native extension for WindowsStandalone target not found
Native extension for WebGL target not found
Refreshing native plugins compatible for Editor in 1.38 ms, found 2 plugins.
Preloading 0 native plugins for Editor in 0.00 ms.
Mono: successfully reloaded assembly
- Completed reload, in  1.723 seconds
Platform modules already initialized, skipping
Refreshing native plugins compatible for Editor in 1.57 ms, found 2 plugins.
Preloading 0 native plugins for Editor in 0.00 ms.
Unloading 1399 Unused Serialized files (Serialized files now loaded: 0)
System memory in use before: 82.5 MB.
System memory in use after: 82.6 MB.

Unloading 15 unused Assets to reduce memory usage. Loaded Objects now: 1927.
Total: 2.527700 ms (FindLiveObjects: 0.205100 ms CreateObjectMapping: 0.109000 ms MarkObjects: 2.106400 ms  DeleteObjects: 0.105700 ms)

========================================================================
Received Import Request.
  Time since last request: 21.900323 seconds.
  path: Assets/Prefabs/PlayerWarrior.prefab
  artifactKey: Guid(f0e4796cd0d204741964107bba4dcec6) Importer(815301076,1909f56bfc062723c751e8b465ee728b)
Start importing Assets/Prefabs/PlayerWarrior.prefab using Guid(f0e4796cd0d204741964107bba4dcec6) Importer(815301076,1909f56bfc062723c751e8b465ee728b)  -> (artifact id: '322f10f762badcb906b5d7aa1a33d759') in 0.104511 seconds
  Import took 0.110250 seconds .

========================================================================
Received Prepare
Registering precompiled user dll's ...
Registered in 0.004026 seconds.
Begin MonoManager ReloadAssembly
Native extension for WindowsStandalone target not found
Native extension for WebGL target not found
Refreshing native plugins compatible for Editor in 0.34 ms, found 2 plugins.
Preloading 0 native plugins for Editor in 0.00 ms.
Mono: successfully reloaded assembly
- Completed reload, in  1.128 seconds
Platform modules already initialized, skipping
Refreshing native plugins compatible for Editor in 0.36 ms, found 2 plugins.
Preloading 0 native plugins for Editor in 0.00 ms.
Unloading 1399 Unused Serialized files (Serialized files now loaded: 0)
System memory in use before: 82.5 MB.
System memory in use after: 82.6 MB.

Unloading 14 unused Assets to reduce memory usage. Loaded Objects now: 1931.
Total: 2.248100 ms (FindLiveObjects: 0.170300 ms CreateObjectMapping: 0.083300 ms MarkObjects: 1.894100 ms  DeleteObjects: 0.099200 ms)

========================================================================
Received Prepare
Registering precompiled user dll's ...
Registered in 0.005218 seconds.
Begin MonoManager ReloadAssembly
Native extension for WindowsStandalone target not found
Native extension for WebGL target not found
Refreshing native plugins compatible for Editor in 0.43 ms, found 2 plugins.
Preloading 0 native plugins for Editor in 0.00 ms.
Mono: successfully reloaded assembly
- Completed reload, in  1.694 seconds
Platform modules already initialized, skipping
Refreshing native plugins compatible for Editor in 0.38 ms, found 2 plugins.
Preloading 0 native plugins for Editor in 0.00 ms.
Unloading 1399 Unused Serialized files (Serialized files now loaded: 0)
System memory in use before: 82.5 MB.
System memory in use after: 82.6 MB.

Unloading 14 unused Assets to reduce memory usage. Loaded Objects now: 1934.
Total: 4.738000 ms (FindLiveObjects: 0.245400 ms CreateObjectMapping: 0.150700 ms MarkObjects: 4.243900 ms  DeleteObjects: 0.096500 ms)

========================================================================
Received Import Request.
  Time since last request: 48.028301 seconds.
  path: Assets/Prefabs/PlayerWarrior.prefab
  artifactKey: Guid(f0e4796cd0d204741964107bba4dcec6) Importer(815301076,1909f56bfc062723c751e8b465ee728b)
Start importing Assets/Prefabs/PlayerWarrior.prefab using Guid(f0e4796cd0d204741964107bba4dcec6) Importer(815301076,1909f56bfc062723c751e8b465ee728b)  -> (artifact id: '2fbe7f061aa46ac73fbb3743c813b8af') in 0.114322 seconds
  Import took 0.118999 seconds .

========================================================================
Received Prepare
Registering precompiled user dll's ...
Registered in 0.003942 seconds.
Begin MonoManager ReloadAssembly
Native extension for WindowsStandalone target not found
Native extension for WebGL target not found
Refreshing native plugins compatible for Editor in 0.35 ms, found 2 plugins.
Preloading 0 native plugins for Editor in 0.00 ms.
Mono: successfully reloaded assembly
- Completed reload, in  1.163 seconds
Platform modules already initialized, skipping
Refreshing native plugins compatible for Editor in 0.37 ms, found 2 plugins.
Preloading 0 native plugins for Editor in 0.00 ms.
Unloading 1399 Unused Serialized files (Serialized files now loaded: 0)
System memory in use before: 82.5 MB.
System memory in use after: 82.6 MB.

Unloading 14 unused Assets to reduce memory usage. Loaded Objects now: 1938.
Total: 2.289300 ms (FindLiveObjects: 0.178000 ms CreateObjectMapping: 0.088800 ms MarkObjects: 1.928000 ms  DeleteObjects: 0.093300 ms)

========================================================================
Received Prepare
Registering precompiled user dll's ...
Registered in 0.007061 seconds.
Begin MonoManager ReloadAssembly
Native extension for WindowsStandalone target not found
Native extension for WebGL target not found
Refreshing native plugins compatible for Editor in 0.39 ms, found 2 plugins.
Preloading 0 native plugins for Editor in 0.00 ms.
Mono: successfully reloaded assembly
- Completed reload, in  2.092 seconds
Platform modules already initialized, skipping
Refreshing native plugins compatible for Editor in 5.03 ms, found 2 plugins.
Preloading 0 native plugins for Editor in 0.00 ms.
Unloading 1399 Unused Serialized files (Serialized files now loaded: 0)
System memory in use before: 82.5 MB.
System memory in use after: 82.6 MB.

Unloading 14 unused Assets to reduce memory usage. Loaded Objects now: 1941.
Total: 2.697500 ms (FindLiveObjects: 0.204700 ms CreateObjectMapping: 0.170800 ms MarkObjects: 2.231200 ms  DeleteObjects: 0.089500 ms)

========================================================================
Received Import Request.
  Time since last request: 69.338697 seconds.
  path: Assets/Prefabs/PlayerWarrior.prefab
  artifactKey: Guid(f0e4796cd0d204741964107bba4dcec6) Importer(815301076,1909f56bfc062723c751e8b465ee728b)
Start importing Assets/Prefabs/PlayerWarrior.prefab using Guid(f0e4796cd0d204741964107bba4dcec6) Importer(815301076,1909f56bfc062723c751e8b465ee728b)  -> (artifact id: '536c06a4a8fb583fab40214720e5c8c4') in 0.114196 seconds
  Import took 0.118463 seconds .

========================================================================
Received Prepare
Registering precompiled user dll's ...
Registered in 0.003975 seconds.
Begin MonoManager ReloadAssembly
Native extension for WindowsStandalone target not found
Native extension for WebGL target not found
Refreshing native plugins compatible for Editor in 0.36 ms, found 2 plugins.
Preloading 0 native plugins for Editor in 0.00 ms.
Mono: successfully reloaded assembly
- Completed reload, in  1.334 seconds
Platform modules already initialized, skipping
Refreshing native plugins compatible for Editor in 0.36 ms, found 2 plugins.
Preloading 0 native plugins for Editor in 0.00 ms.
Unloading 1399 Unused Serialized files (Serialized files now loaded: 0)
System memory in use before: 82.5 MB.
System memory in use after: 82.6 MB.

Unloading 14 unused Assets to reduce memory usage. Loaded Objects now: 1945.
Total: 2.224800 ms (FindLiveObjects: 0.177300 ms CreateObjectMapping: 0.085900 ms MarkObjects: 1.873800 ms  DeleteObjects: 0.086800 ms)

========================================================================
Received Import Request.
  Time since last request: 45.041598 seconds.
  path: Assets/Prefabs/DeathParticle.prefab
  artifactKey: Guid(640501bb4df128f4bb789c76ae640e7c) Importer(815301076,1909f56bfc062723c751e8b465ee728b)
Start importing Assets/Prefabs/DeathParticle.prefab using Guid(640501bb4df128f4bb789c76ae640e7c) Importer(815301076,1909f56bfc062723c751e8b465ee728b)  -> (artifact id: '942d93077744ac413675128cf82a4839') in 0.030792 seconds
  Import took 0.033570 seconds .

========================================================================
Received Prepare
Registering precompiled user dll's ...
Registered in 0.005000 seconds.
Begin MonoManager ReloadAssembly
Native extension for WindowsStandalone target not found
Native extension for WebGL target not found
Refreshing native plugins compatible for Editor in 0.69 ms, found 2 plugins.
Preloading 0 native plugins for Editor in 0.00 ms.
Mono: successfully reloaded assembly
- Completed reload, in  1.835 seconds
Platform modules already initialized, skipping
Refreshing native plugins compatible for Editor in 0.35 ms, found 2 plugins.
Preloading 0 native plugins for Editor in 0.00 ms.
Unloading 1399 Unused Serialized files (Serialized files now loaded: 0)
System memory in use before: 82.5 MB.
System memory in use after: 82.6 MB.

Unloading 14 unused Assets to reduce memory usage. Loaded Objects now: 1948.
Total: 6.784900 ms (FindLiveObjects: 0.170600 ms CreateObjectMapping: 0.052500 ms MarkObjects: 6.289200 ms  DeleteObjects: 0.105800 ms)

========================================================================
Received Import Request.
  Time since last request: 28.617989 seconds.
  path: Assets/Prefabs/DeathParticle.prefab
  artifactKey: Guid(640501bb4df128f4bb789c76ae640e7c) Importer(815301076,1909f56bfc062723c751e8b465ee728b)
Start importing Assets/Prefabs/DeathParticle.prefab using Guid(640501bb4df128f4bb789c76ae640e7c) Importer(815301076,1909f56bfc062723c751e8b465ee728b)  -> (artifact id: '213de9687c331a22ca60b384f09eff18') in 0.040884 seconds
  Import took 0.045797 seconds .

========================================================================
Received Import Request.
  Time since last request: 5.811294 seconds.
  path: Assets/Prefabs/DeathParticle.prefab
  artifactKey: Guid(640501bb4df128f4bb789c76ae640e7c) Importer(815301076,1909f56bfc062723c751e8b465ee728b)
Start importing Assets/Prefabs/DeathParticle.prefab using Guid(640501bb4df128f4bb789c76ae640e7c) Importer(815301076,1909f56bfc062723c751e8b465ee728b)  -> (artifact id: 'ccb92739668bc9d97676d31f60a37220') in 0.006555 seconds
  Import took 0.010716 seconds .

========================================================================
Received Import Request.
  Time since last request: 4.061284 seconds.
  path: Assets/Prefabs/DeathParticle.prefab
  artifactKey: Guid(640501bb4df128f4bb789c76ae640e7c) Importer(815301076,1909f56bfc062723c751e8b465ee728b)
Start importing Assets/Prefabs/DeathParticle.prefab using Guid(640501bb4df128f4bb789c76ae640e7c) Importer(815301076,1909f56bfc062723c751e8b465ee728b)  -> (artifact id: '2e3e834879155524a8be9aca90c56447') in 0.008448 seconds
  Import took 0.011990 seconds .

========================================================================
Received Import Request.
  Time since last request: 2.649073 seconds.
  path: Assets/Prefabs/DeathParticle.prefab
  artifactKey: Guid(640501bb4df128f4bb789c76ae640e7c) Importer(815301076,1909f56bfc062723c751e8b465ee728b)
Start importing Assets/Prefabs/DeathParticle.prefab using Guid(640501bb4df128f4bb789c76ae640e7c) Importer(815301076,1909f56bfc062723c751e8b465ee728b)  -> (artifact id: '5861dc7c9bd4173b1093bc9c71c800d4') in 0.007629 seconds
  Import took 0.011498 seconds .

========================================================================
Received Import Request.
  Time since last request: 5.275874 seconds.
  path: Assets/Prefabs/DeathParticle.prefab
  artifactKey: Guid(640501bb4df128f4bb789c76ae640e7c) Importer(815301076,1909f56bfc062723c751e8b465ee728b)
Start importing Assets/Prefabs/DeathParticle.prefab using Guid(640501bb4df128f4bb789c76ae640e7c) Importer(815301076,1909f56bfc062723c751e8b465ee728b)  -> (artifact id: 'c0306b396939308c46f17a76d2248f2b') in 0.006509 seconds
  Import took 0.009367 seconds .

========================================================================
Received Import Request.
  Time since last request: 5.677638 seconds.
  path: Assets/Prefabs/DeathParticle.prefab
  artifactKey: Guid(640501bb4df128f4bb789c76ae640e7c) Importer(815301076,1909f56bfc062723c751e8b465ee728b)
Start importing Assets/Prefabs/DeathParticle.prefab using Guid(640501bb4df128f4bb789c76ae640e7c) Importer(815301076,1909f56bfc062723c751e8b465ee728b)  -> (artifact id: 'b62da37e15feca0dadff35f4ff18c2d0') in 0.006967 seconds
  Import took 0.010201 seconds .

========================================================================
Received Import Request.
  Time since last request: 4.247050 seconds.
  path: Assets/Prefabs/DeathParticle.prefab
  artifactKey: Guid(640501bb4df128f4bb789c76ae640e7c) Importer(815301076,1909f56bfc062723c751e8b465ee728b)
Start importing Assets/Prefabs/DeathParticle.prefab using Guid(640501bb4df128f4bb789c76ae640e7c) Importer(815301076,1909f56bfc062723c751e8b465ee728b)  -> (artifact id: '9b52369ddaa47bf207da78761b92fd36') in 0.006711 seconds
  Import took 0.009691 seconds .

========================================================================
Received Import Request.
  Time since last request: 10.342159 seconds.
  path: Assets/Prefabs/DeathParticle.prefab
  artifactKey: Guid(640501bb4df128f4bb789c76ae640e7c) Importer(815301076,1909f56bfc062723c751e8b465ee728b)
Start importing Assets/Prefabs/DeathParticle.prefab using Guid(640501bb4df128f4bb789c76ae640e7c) Importer(815301076,1909f56bfc062723c751e8b465ee728b)  -> (artifact id: '263cf9c2b35bf5f0c6bcb297d0dacd05') in 0.007503 seconds
  Import took 0.010718 seconds .

========================================================================
Received Import Request.
  Time since last request: 9.604007 seconds.
  path: Assets/Prefabs/DeathParticle.prefab
  artifactKey: Guid(640501bb4df128f4bb789c76ae640e7c) Importer(815301076,1909f56bfc062723c751e8b465ee728b)
Start importing Assets/Prefabs/DeathParticle.prefab using Guid(640501bb4df128f4bb789c76ae640e7c) Importer(815301076,1909f56bfc062723c751e8b465ee728b)  -> (artifact id: '13199d58d208f84bf033d000564090bc') in 0.008899 seconds
  Import took 0.012214 seconds .

========================================================================
Received Import Request.
  Time since last request: 11.333421 seconds.
  path: Assets/Prefabs/DeathParticle.prefab
  artifactKey: Guid(640501bb4df128f4bb789c76ae640e7c) Importer(815301076,1909f56bfc062723c751e8b465ee728b)
Start importing Assets/Prefabs/DeathParticle.prefab using Guid(640501bb4df128f4bb789c76ae640e7c) Importer(815301076,1909f56bfc062723c751e8b465ee728b)  -> (artifact id: '9ee0f20ad99ad5be6f9a2cd9a5cccc1b') in 0.007846 seconds
  Import took 0.010983 seconds .

========================================================================
Received Import Request.
  Time since last request: 3.485444 seconds.
  path: Assets/Prefabs/EnemyWarrior.prefab
  artifactKey: Guid(1bd9d6c1531b91446a5615227e10d553) Importer(815301076,1909f56bfc062723c751e8b465ee728b)
Start importing Assets/Prefabs/EnemyWarrior.prefab using Guid(1bd9d6c1531b91446a5615227e10d553) Importer(815301076,1909f56bfc062723c751e8b465ee728b)  -> (artifact id: 'ab8b14b42b9dd119b3b8803feb0ca935') in 0.061853 seconds
  Import took 0.065733 seconds .

========================================================================
Received Import Request.
  Time since last request: 0.000212 seconds.
  path: Assets/Prefabs/PlayerWarrior.prefab
  artifactKey: Guid(f0e4796cd0d204741964107bba4dcec6) Importer(815301076,1909f56bfc062723c751e8b465ee728b)
Start importing Assets/Prefabs/PlayerWarrior.prefab using Guid(f0e4796cd0d204741964107bba4dcec6) Importer(815301076,1909f56bfc062723c751e8b465ee728b)  -> (artifact id: 'c49109105f8231ef4eaf310c6ff65713') in 0.015284 seconds
  Import took 0.018170 seconds .

========================================================================
Received Import Request.
  Time since last request: 0.000209 seconds.
  path: Assets/Prefabs/PlayerBase.prefab
  artifactKey: Guid(841673f28f71db941a00812b52272437) Importer(815301076,1909f56bfc062723c751e8b465ee728b)
Start importing Assets/Prefabs/PlayerBase.prefab using Guid(841673f28f71db941a00812b52272437) Importer(815301076,1909f56bfc062723c751e8b465ee728b)  -> (artifact id: '10ffd4b1af36ad9a07b0ac64bf7fb450') in 0.015036 seconds
  Import took 0.017704 seconds .

========================================================================
Received Prepare
Registering precompiled user dll's ...
Registered in 0.005614 seconds.
Begin MonoManager ReloadAssembly
Native extension for WindowsStandalone target not found
Native extension for WebGL target not found
Refreshing native plugins compatible for Editor in 0.37 ms, found 2 plugins.
Preloading 0 native plugins for Editor in 0.00 ms.
Mono: successfully reloaded assembly
- Completed reload, in  1.669 seconds
Platform modules already initialized, skipping
Refreshing native plugins compatible for Editor in 0.36 ms, found 2 plugins.
Preloading 0 native plugins for Editor in 0.00 ms.
Unloading 1399 Unused Serialized files (Serialized files now loaded: 0)
System memory in use before: 82.6 MB.
System memory in use after: 82.6 MB.

Unloading 15 unused Assets to reduce memory usage. Loaded Objects now: 1952.
Total: 2.764000 ms (FindLiveObjects: 0.234900 ms CreateObjectMapping: 0.100100 ms MarkObjects: 2.323000 ms  DeleteObjects: 0.104300 ms)

========================================================================
Received Import Request.
  Time since last request: 38.860710 seconds.
  path: Assets/Prefabs/DeathParticle.prefab
  artifactKey: Guid(640501bb4df128f4bb789c76ae640e7c) Importer(815301076,1909f56bfc062723c751e8b465ee728b)
Start importing Assets/Prefabs/DeathParticle.prefab using Guid(640501bb4df128f4bb789c76ae640e7c) Importer(815301076,1909f56bfc062723c751e8b465ee728b)  -> (artifact id: '11a99bdc18809efbd24d08e722507887') in 0.049297 seconds
  Import took 0.052362 seconds .

========================================================================
Received Import Request.
  Time since last request: 5.056179 seconds.
  path: Assets/Prefabs/DeathParticle.prefab
  artifactKey: Guid(640501bb4df128f4bb789c76ae640e7c) Importer(815301076,1909f56bfc062723c751e8b465ee728b)
Start importing Assets/Prefabs/DeathParticle.prefab using Guid(640501bb4df128f4bb789c76ae640e7c) Importer(815301076,1909f56bfc062723c751e8b465ee728b)  -> (artifact id: 'dcd41c4d4a7f15f0a8384edd264b1b6b') in 0.007285 seconds
  Import took 0.010453 seconds .

========================================================================
Received Prepare
Registering precompiled user dll's ...
Registered in 0.005356 seconds.
Begin MonoManager ReloadAssembly
Native extension for WindowsStandalone target not found
Native extension for WebGL target not found
Refreshing native plugins compatible for Editor in 0.37 ms, found 2 plugins.
Preloading 0 native plugins for Editor in 0.00 ms.
Mono: successfully reloaded assembly
- Completed reload, in  1.242 seconds
Platform modules already initialized, skipping
Refreshing native plugins compatible for Editor in 0.36 ms, found 2 plugins.
Preloading 0 native plugins for Editor in 0.00 ms.
Unloading 1399 Unused Serialized files (Serialized files now loaded: 0)
System memory in use before: 82.6 MB.
System memory in use after: 82.6 MB.

Unloading 14 unused Assets to reduce memory usage. Loaded Objects now: 1955.
Total: 2.790000 ms (FindLiveObjects: 0.592500 ms CreateObjectMapping: 0.128400 ms MarkObjects: 1.971200 ms  DeleteObjects: 0.096600 ms)

========================================================================
Received Import Request.
  Time since last request: 144.334649 seconds.
  path: Assets/Materials/DeatParticle.mat
  artifactKey: Guid(8b43b22989df94c498df85800e7e5f43) Importer(815301076,1909f56bfc062723c751e8b465ee728b)
Start importing Assets/Materials/DeatParticle.mat using Guid(8b43b22989df94c498df85800e7e5f43) Importer(815301076,1909f56bfc062723c751e8b465ee728b)  -> (artifact id: 'c9b2800b1665f725071ec56311fab4e0') in 0.083306 seconds
  Import took 0.086140 seconds .

========================================================================
Received Prepare
Registering precompiled user dll's ...
Registered in 0.006872 seconds.
Begin MonoManager ReloadAssembly
Native extension for WindowsStandalone target not found
Native extension for WebGL target not found
Refreshing native plugins compatible for Editor in 1.38 ms, found 2 plugins.
Preloading 0 native plugins for Editor in 0.00 ms.
Mono: successfully reloaded assembly
- Completed reload, in  1.957 seconds
Platform modules already initialized, skipping
Refreshing native plugins compatible for Editor in 0.55 ms, found 2 plugins.
Preloading 0 native plugins for Editor in 0.00 ms.
Unloading 1399 Unused Serialized files (Serialized files now loaded: 0)
System memory in use before: 82.6 MB.
System memory in use after: 82.7 MB.

Unloading 14 unused Assets to reduce memory usage. Loaded Objects now: 1959.
Total: 4.201100 ms (FindLiveObjects: 0.223000 ms CreateObjectMapping: 0.100200 ms MarkObjects: 3.584400 ms  DeleteObjects: 0.292000 ms)

========================================================================
Received Prepare
Refreshing native plugins compatible for Editor in 4.29 ms, found 2 plugins.
Preloading 0 native plugins for Editor in 0.00 ms.
Unloading 12 Unused Serialized files (Serialized files now loaded: 0)
System memory in use before: 55.1 MB.
System memory in use after: 55.2 MB.

Unloading 12 unused Assets to reduce memory usage. Loaded Objects now: 1959.
Total: 3.697400 ms (FindLiveObjects: 0.189900 ms CreateObjectMapping: 0.162200 ms MarkObjects: 3.250900 ms  DeleteObjects: 0.093200 ms)

========================================================================
Received Prepare
Registering precompiled user dll's ...
Registered in 0.006500 seconds.
Begin MonoManager ReloadAssembly
Native extension for WindowsStandalone target not found
Native extension for WebGL target not found
Refreshing native plugins compatible for Editor in 0.45 ms, found 2 plugins.
Preloading 0 native plugins for Editor in 0.00 ms.
Mono: successfully reloaded assembly
- Completed reload, in  1.966 seconds
Platform modules already initialized, skipping
Refreshing native plugins compatible for Editor in 0.42 ms, found 2 plugins.
Preloading 0 native plugins for Editor in 0.00 ms.
Unloading 1399 Unused Serialized files (Serialized files now loaded: 0)
System memory in use before: 82.6 MB.
System memory in use after: 82.7 MB.

Unloading 14 unused Assets to reduce memory usage. Loaded Objects now: 1962.
Total: 3.839900 ms (FindLiveObjects: 0.224100 ms CreateObjectMapping: 0.119200 ms MarkObjects: 3.396100 ms  DeleteObjects: 0.098800 ms)

AssetImportWorkerClient::OnTransportError - code=2 error=End of file
